
Update T:Thu Apr 12 15:48:33 2018 C:5 F:2 M:1 R:300
Update T:Fri Apr 13 15:10:20 2018 C:5 F:2 M:1 R:300
Update T:Fri Apr 13 15:14:27 2018 C:5 F:1 M:1 R:100
Update T:Fri Apr 13 15:15:00 2018 C:5 F:1 M:1 R:100
Update T:Fri Apr 13 15:16:04 2018 C:5 F:1 M:1 R:100
Update T:Fri Apr 13 15:17:33 2018 C:5 F:1 M:1 R:100
Update T:Fri Apr 13 15:18:31 2018 C:5 F:1 M:1 R:100
Update T:Fri Apr 13 15:18:41 2018 C:5 F:1 M:1 R:100
Update T:Fri Apr 13 15:23:05 2018 C:5 F:1 M:1 R:100
Update T:Fri Apr 13 15:23:58 2018 C:5 F:1 M:1 R:100
Update T:Fri Apr 13 15:24:34 2018 C:5 F:1 M:1 R:100
Update T:Fri Apr 13 15:25:26 2018 C:5 F:1 M:1 R:100
Update T:Fri Apr 13 15:26:17 2018 C:5 F:1 M:1 R:100
Update T:Fri Apr 13 15:26:51 2018 C:5 F:1 M:1 R:100
Update T:Fri Apr 13 15:27:44 2018 C:5 F:1 M:1 R:100
Update T:Fri Apr 13 15:27:47 2018 C:5 F:1 M:0 R:100
Update T:Fri Apr 13 15:27:59 2018 C:5 F:1 M:1 R:100
Update T:Fri Apr 13 15:28:30 2018 C:5 F:1 M:1 R:100
Update T:Fri Apr 13 15:29:23 2018 C:5 F:1 M:1 R:100
Update T:Fri Apr 13 15:30:14 2018 C:5 F:1 M:1 R:100
Update T:Fri Apr 13 15:31:05 2018 C:5 F:1 M:1 R:100
Update T:Fri Apr 13 15:31:59 2018 C:5 F:1 M:1 R:100
Update T:Fri Apr 13 15:32:50 2018 C:5 F:1 M:1 R:100
Update T:Fri Apr 13 15:33:45 2018 C:5 F:1 M:1 R:100
Update T:Tue Apr 17 20:37:15 2018 C:5 F:1 M:1 R:100
Update T:Tue Apr 17 20:38:08 2018 C:5 F:1 M:2 R:100
Update T:Wed Apr 18 19:44:03 2018 C:5 F:1 M:2 R:100
Update T:Wed Apr 18 19:54:36 2018 C:5 F:1 M:1 R:100
Update T:Wed Apr 18 19:55:29 2018 C:5 F:1 M:1 R:100
Update T:Wed Apr 18 19:55:35 2018 C:5 F:1 M:1 R:100
Update T:Wed Apr 18 19:55:46 2018 C:5 F:1 M:1 R:100
Update T:Wed Apr 18 19:56:40 2018 C:5 F:1 M:1 R:100
Update T:Wed Apr 18 19:57:22 2018 C:5 F:1 M:1 R:100
Update T:Wed Apr 18 19:57:35 2018 C:5 F:1 M:1 R:100
Update T:Wed Apr 18 19:58:15 2018 C:5 F:1 M:2 R:100
Update T:Wed Apr 18 19:58:31 2018 C:5 F:1 M:1 R:100
Update T:Wed Apr 18 19:58:34 2018 C:5 F:1 M:2 R:100
Update T:Wed Apr 18 19:59:28 2018 C:5 F:1 M:2 R:100
Update T:Fri Apr 20 15:31:03 2018 C:5 F:1 M:2 R:100
Update T:Fri Apr 20 15:32:52 2018 C:5 F:1 M:2 R:100
Update T:Fri Apr 20 15:49:37 2018 C:5 F:1 M:2 R:100
Update T:Fri Apr 20 15:50:08 2018 C:5 F:1 M:2 R:100
Update T:Fri Apr 20 15:59:20 2018 C:5 F:1 M:2 R:100
Update T:Fri Apr 20 16:01:47 2018 C:5 F:1 M:2 R:100
Update T:Fri Apr 20 16:02:18 2018 C:5 F:1 M:2 R:100
Update T:Fri Apr 20 16:03:00 2018 C:5 F:1 M:2 R:100
Update T:Fri Apr 20 16:04:43 2018 C:5 F:1 M:2 R:100
Update T:Fri Apr 20 16:09:26 2018 C:5 F:1 M:2 R:100
Update T:Fri Apr 20 16:11:31 2018 C:5 F:1 M:2 R:100
Update T:Fri Apr 20 16:12:02 2018 C:5 F:1 M:2 R:100
Update T:Fri Apr 20 16:21:18 2018 C:5 F:1 M:2 R:100
Update T:Fri Apr 20 16:22:26 2018 C:5 F:1 M:2 R:100
Update T:Fri Apr 20 16:24:57 2018 C:5 F:1 M:2 R:100
Update T:Fri Apr 20 16:25:29 2018 C:5 F:1 M:2 R:100
Update T:Fri Apr 20 16:28:28 2018 C:5 F:1 M:2 R:100
Update T:Fri Apr 20 16:29:00 2018 C:5 F:1 M:2 R:100
Update T:Fri Apr 20 16:29:31 2018 C:5 F:1 M:2 R:100
Update T:Fri Apr 20 16:30:04 2018 C:5 F:1 M:2 R:100
Update T:Fri Apr 20 16:30:36 2018 C:5 F:1 M:2 R:100
Update T:Fri Apr 20 16:31:08 2018 C:5 F:1 M:2 R:100
Update T:Fri Apr 20 16:32:17 2018 C:5 F:1 M:1 R:100
Update T:Fri Apr 20 16:33:17 2018 C:5 F:1 M:1 R:100
Update T:Fri Apr 20 16:34:02 2018 C:5 F:1 M:1 R:100
Update T:Fri Apr 20 16:34:04 2018 C:5 F:1 M:1 R:101
Update T:Fri Apr 20 16:34:04 2018 C:5 F:1 M:1 R:200
Update T:Fri Apr 20 16:35:46 2018 C:5 F:1 M:2 R:100
Update T:Fri Apr 20 16:36:17 2018 C:5 F:1 M:2 R:100
Update T:Fri Apr 20 16:38:20 2018 C:5 F:1 M:1 R:200
Update T:Fri Apr 20 16:38:24 2018 C:5 F:1 M:1 R:100
Update T:Fri Apr 20 16:38:33 2018 C:5 F:1 M:2 R:100
Update T:Fri Apr 20 16:59:16 2018 C:5 F:1 M:1 R:100
Update T:Fri Apr 20 17:01:13 2018 C:5 F:1 M:1 R:100
Update T:Fri Apr 20 17:01:17 2018 C:5 F:1 M:2 R:100
Update T:Fri Apr 20 17:04:12 2018 C:5 F:1 M:2 R:100
Update T:Fri Apr 20 17:04:15 2018 C:5 F:1 M:1 R:100
Update T:Fri Apr 20 17:04:16 2018 C:5 F:1 M:1 R:200
Update T:Fri Apr 20 17:11:51 2018 C:5 F:1 M:1 R:100
Update T:Fri Apr 20 17:12:15 2018 C:5 F:1 M:2 R:100
Update T:Wed Apr 25 15:59:25 2018 C:5 F:1 M:2 R:100
Update T:Wed Apr 25 15:59:27 2018 C:5 F:1 M:1 R:100
Update T:Wed Apr 25 16:00:22 2018 C:5 F:1 M:1 R:100
Update T:Wed Apr 25 16:00:55 2018 C:5 F:1 M:2 R:100
Update T:Wed Apr 25 16:01:58 2018 C:5 F:1 M:2 R:100
Update T:Wed Apr 25 16:03:02 2018 C:5 F:1 M:2 R:100
Update T:Wed Apr 25 16:04:11 2018 C:5 F:1 M:2 R:100
Update T:Wed Apr 25 16:05:30 2018 C:5 F:1 M:2 R:100
Update T:Wed Apr 25 16:06:41 2018 C:5 F:1 M:2 R:100
Update T:Wed Apr 25 16:07:46 2018 C:5 F:1 M:2 R:100
Update T:Wed Apr 25 16:08:49 2018 C:5 F:1 M:2 R:100
Update T:Wed Apr 25 16:09:54 2018 C:5 F:1 M:2 R:100
Update T:Wed Apr 25 16:11:04 2018 C:5 F:1 M:2 R:100
Update T:Wed Apr 25 16:12:08 2018 C:5 F:1 M:2 R:100
Update T:Wed Apr 25 16:13:13 2018 C:5 F:1 M:2 R:100
Update T:Wed Apr 25 16:14:25 2018 C:5 F:1 M:2 R:100
Update T:Wed Apr 25 16:15:31 2018 C:5 F:1 M:2 R:100
Update T:Wed Apr 25 16:16:40 2018 C:5 F:1 M:2 R:100
Update T:Wed Apr 25 16:17:43 2018 C:5 F:1 M:2 R:100
Update T:Wed Apr 25 16:56:19 2018 C:5 F:1 M:1 R:100
Update T:Wed Apr 25 16:56:40 2018 C:5 F:1 M:2 R:100
Update T:Wed Apr 25 18:37:20 2018 C:5 F:1 M:1 R:100
Update T:Wed Apr 25 18:38:18 2018 C:5 F:1 M:1 R:100
Update T:Wed Apr 25 18:38:51 2018 C:5 F:1 M:2 R:100
Update T:Wed Apr 25 18:39:53 2018 C:5 F:1 M:2 R:100
Update T:Wed Apr 25 18:40:57 2018 C:5 F:1 M:2 R:100
Update T:Wed Apr 25 18:42:00 2018 C:5 F:1 M:2 R:100
Update T:Wed Apr 25 18:43:03 2018 C:5 F:1 M:2 R:100
Update T:Wed Apr 25 18:44:06 2018 C:5 F:1 M:2 R:100
Update T:Wed Apr 25 18:45:09 2018 C:5 F:1 M:2 R:100
Update T:Wed Apr 25 18:46:12 2018 C:5 F:1 M:2 R:100
Update T:Wed Apr 25 18:47:16 2018 C:5 F:1 M:2 R:100
Update T:Wed Apr 25 18:48:18 2018 C:5 F:1 M:2 R:100
Update T:Wed Apr 25 18:49:22 2018 C:5 F:1 M:2 R:100
Update T:Wed Apr 25 18:50:25 2018 C:5 F:1 M:2 R:100
Update T:Wed Apr 25 18:51:28 2018 C:5 F:1 M:2 R:100
Update T:Wed Apr 25 18:52:31 2018 C:5 F:1 M:2 R:100
Update T:Wed Apr 25 18:53:34 2018 C:5 F:1 M:2 R:100
Update T:Wed Apr 25 18:54:38 2018 C:5 F:1 M:2 R:100
Update T:Wed Apr 25 18:55:40 2018 C:5 F:1 M:2 R:100
Update T:Wed Apr 25 18:56:44 2018 C:5 F:1 M:2 R:100
Update T:Wed Apr 25 18:57:47 2018 C:5 F:1 M:2 R:100
Update T:Wed Apr 25 18:58:50 2018 C:5 F:1 M:2 R:100
Update T:Wed Apr 25 18:59:53 2018 C:5 F:1 M:2 R:100
Update T:Wed Apr 25 19:00:56 2018 C:5 F:1 M:2 R:100
Update T:Wed Apr 25 19:01:59 2018 C:5 F:1 M:2 R:100
Update T:Wed Apr 25 19:03:03 2018 C:5 F:1 M:2 R:100
Update T:Wed Apr 25 19:04:06 2018 C:5 F:1 M:2 R:100
Update T:Wed Apr 25 19:05:09 2018 C:5 F:1 M:2 R:100
Update T:Wed Apr 25 19:06:12 2018 C:5 F:1 M:2 R:100
Update T:Wed Apr 25 19:07:15 2018 C:5 F:1 M:2 R:100
Update T:Wed Apr 25 19:08:18 2018 C:5 F:1 M:2 R:100
Update T:Wed Apr 25 19:09:21 2018 C:5 F:1 M:2 R:100
Update T:Wed Apr 25 19:10:25 2018 C:5 F:1 M:2 R:100
Update T:Wed Apr 25 19:11:28 2018 C:5 F:1 M:2 R:100
Update T:Wed Apr 25 19:12:31 2018 C:5 F:1 M:2 R:100
Update T:Wed Apr 25 19:13:34 2018 C:5 F:1 M:2 R:100
Update T:Wed Apr 25 19:14:35 2018 C:5 F:1 M:2 R:100
Update T:Wed Apr 25 19:15:38 2018 C:5 F:1 M:2 R:100
Update T:Wed Apr 25 19:16:41 2018 C:5 F:1 M:2 R:100
Update T:Wed Apr 25 19:17:45 2018 C:5 F:1 M:2 R:100
Update T:Wed Apr 25 19:18:48 2018 C:5 F:1 M:2 R:100
Update T:Wed Apr 25 19:19:51 2018 C:5 F:1 M:2 R:100
Update T:Wed Apr 25 19:20:54 2018 C:5 F:1 M:2 R:100
Update T:Wed Apr 25 19:21:57 2018 C:5 F:1 M:2 R:100
Update T:Wed Apr 25 19:23:00 2018 C:5 F:1 M:2 R:100
Update T:Wed Apr 25 19:24:03 2018 C:5 F:1 M:2 R:100
Update T:Wed Apr 25 19:25:07 2018 C:5 F:1 M:2 R:100
Update T:Wed Apr 25 19:26:10 2018 C:5 F:1 M:2 R:100
Update T:Wed Apr 25 19:27:13 2018 C:5 F:1 M:2 R:100
Update T:Wed Apr 25 19:28:16 2018 C:5 F:1 M:2 R:100
Update T:Wed Apr 25 19:29:20 2018 C:5 F:1 M:2 R:100
Update T:Wed Apr 25 19:30:23 2018 C:5 F:1 M:2 R:100
Update T:Wed Apr 25 19:31:26 2018 C:5 F:1 M:2 R:100
Update T:Wed Apr 25 19:32:30 2018 C:5 F:1 M:2 R:100
Update T:Wed Apr 25 19:33:33 2018 C:5 F:1 M:2 R:100
Update T:Wed Apr 25 19:34:36 2018 C:5 F:1 M:2 R:100
Update T:Wed Apr 25 19:35:39 2018 C:5 F:1 M:2 R:100
Update T:Wed Apr 25 19:36:42 2018 C:5 F:1 M:2 R:100
Update T:Wed Apr 25 19:37:46 2018 C:5 F:1 M:2 R:100
Update T:Wed Apr 25 19:38:49 2018 C:5 F:1 M:2 R:100
Update T:Wed Apr 25 19:39:52 2018 C:5 F:1 M:2 R:100
Update T:Wed Apr 25 19:40:55 2018 C:5 F:1 M:2 R:100
Update T:Wed Apr 25 19:41:58 2018 C:5 F:1 M:2 R:100
Update T:Wed Apr 25 19:43:02 2018 C:5 F:1 M:2 R:100
Update T:Wed Apr 25 19:44:05 2018 C:5 F:1 M:2 R:100
Update T:Wed Apr 25 19:45:08 2018 C:5 F:1 M:2 R:100
Update T:Wed Apr 25 19:46:11 2018 C:5 F:1 M:2 R:100
Update T:Wed Apr 25 19:47:14 2018 C:5 F:1 M:2 R:100
Update T:Wed Apr 25 19:48:18 2018 C:5 F:1 M:2 R:100
Update T:Wed Apr 25 19:49:21 2018 C:5 F:1 M:2 R:100
Update T:Wed Apr 25 19:50:24 2018 C:5 F:1 M:2 R:100
Update T:Wed Apr 25 19:51:27 2018 C:5 F:1 M:2 R:100
Update T:Wed Apr 25 19:52:30 2018 C:5 F:1 M:2 R:100
Update T:Wed Apr 25 19:53:34 2018 C:5 F:1 M:2 R:100
Update T:Thu May 10 20:47:50 2018 C:7 F:1 M:1 R:100
Update T:Thu May 10 20:48:53 2018 C:7 F:1 M:1 R:100
Update T:Thu May 10 20:49:56 2018 C:7 F:1 M:1 R:100
Update T:Thu May 10 20:50:59 2018 C:7 F:1 M:1 R:100
Update T:Thu May 10 20:52:02 2018 C:7 F:1 M:1 R:100
Update T:Thu May 10 20:53:05 2018 C:7 F:1 M:1 R:100
Update T:Thu May 10 20:54:08 2018 C:7 F:1 M:1 R:100
Update T:Thu May 10 20:55:11 2018 C:7 F:1 M:1 R:100
Update T:Mon May 21 15:26:53 2018 C:5 F:1 M:1 R:100
Update T:Mon May 21 15:27:05 2018 C:5 F:1 M:2 R:100
Update T:Mon May 21 15:27:14 2018 C:5 F:1 M:2 R:110
Update T:Mon May 21 15:27:56 2018 C:5 F:1 M:1 R:110
Update T:Mon May 21 15:28:59 2018 C:5 F:1 M:1 R:110
Update T:Mon May 21 15:29:36 2018 C:5 F:1 M:1 R:100
Update T:Mon May 21 15:30:50 2018 C:7 F:1 M:1 R:100
Update T:Mon May 21 15:30:53 2018 C:7 F:1 M:2 R:100
Update T:Mon May 21 15:31:56 2018 C:5 F:1 M:1 R:100
Update T:Mon May 21 15:32:01 2018 C:5 F:1 M:1 R:1000
Update T:Mon May 21 15:34:53 2018 C:5 F:1 M:1 R:100
Update T:Mon May 21 15:35:43 2018 C:5 F:1 M:2 R:100
Update T:Mon May 21 15:36:01 2018 C:5 F:1 M:3 R:100
Update T:Mon May 21 15:36:22 2018 C:5 F:1 M:1 R:100
Update T:Mon May 21 15:36:28 2018 C:5 F:1 M:1 R:1000
Update T:Mon May 21 15:37:08 2018 C:5 F:1 M:2 R:1000
Update T:Tue Jul 17 13:23:35 2018 C:5 F:1 M:1 R:100
Update T:Tue Jul 17 13:24:38 2018 C:5 F:1 M:1 R:100
Update T:Tue Jul 17 13:24:41 2018 C:5 F:1 M:4 R:100
Update T:Tue Jul 17 13:25:44 2018 C:5 F:1 M:4 R:100
Update T:Tue Jul 17 13:26:47 2018 C:5 F:1 M:4 R:100
Update T:Tue Jul 17 13:27:50 2018 C:5 F:1 M:4 R:100
Update T:Tue Jul 17 13:27:53 2018 C:5 F:1 M:3 R:100
Update T:Tue Jul 17 13:28:56 2018 C:5 F:1 M:3 R:100
Update T:Tue Jul 17 13:29:23 2018 C:5 F:1 M:4 R:100
Update T:Tue Jul 17 13:30:26 2018 C:5 F:1 M:4 R:100
Update T:Tue Jul 17 13:31:29 2018 C:5 F:1 M:4 R:100
Update T:Tue Jul 17 13:31:35 2018 C:5 F:1 M:3 R:100
Update T:Tue Jul 17 13:32:38 2018 C:5 F:1 M:3 R:100
Update T:Tue Jul 17 13:33:35 2018 C:5 F:1 M:4 R:100
Update T:Tue Jul 17 13:34:38 2018 C:5 F:1 M:4 R:100
Update T:Tue Jul 17 13:35:41 2018 C:5 F:1 M:4 R:100
Update T:Tue Jul 17 13:36:44 2018 C:5 F:1 M:4 R:100
Update T:Tue Jul 17 13:37:47 2018 C:5 F:1 M:4 R:100
Update T:Tue Jul 17 13:38:50 2018 C:5 F:1 M:4 R:100
Update T:Tue Jul 17 13:39:53 2018 C:5 F:1 M:4 R:100
Update T:Tue Jul 17 13:40:56 2018 C:5 F:1 M:4 R:100
Update T:Tue Jul 17 13:41:59 2018 C:5 F:1 M:4 R:100
Update T:Tue Jul 17 13:43:02 2018 C:5 F:1 M:4 R:100
Update T:Tue Jul 17 13:44:05 2018 C:5 F:1 M:4 R:100
Update T:Tue Jul 17 13:45:08 2018 C:5 F:1 M:4 R:100
Update T:Tue Jul 17 13:46:11 2018 C:5 F:1 M:4 R:100
Update T:Tue Jul 17 13:47:14 2018 C:5 F:1 M:4 R:100
Update T:Tue Jul 17 13:48:17 2018 C:5 F:1 M:4 R:100
Update T:Tue Jul 17 13:49:20 2018 C:5 F:1 M:4 R:100
Update T:Tue Jul 17 13:50:23 2018 C:5 F:1 M:4 R:100
Update T:Tue Jul 17 13:51:26 2018 C:5 F:1 M:4 R:100
Update T:Tue Jul 17 13:52:29 2018 C:5 F:1 M:4 R:100
Update T:Tue Jul 17 13:53:32 2018 C:5 F:1 M:4 R:100
Update T:Tue Jul 17 13:54:35 2018 C:5 F:1 M:4 R:100
Update T:Tue Jul 17 13:55:38 2018 C:5 F:1 M:4 R:100
Update T:Tue Jul 17 13:56:41 2018 C:5 F:1 M:4 R:100
Update T:Tue Jul 17 13:57:44 2018 C:5 F:1 M:4 R:100
Update T:Tue Jul 17 13:58:47 2018 C:5 F:1 M:4 R:100
Update T:Tue Jul 17 13:59:50 2018 C:5 F:1 M:4 R:100
Update T:Tue Jul 17 14:00:53 2018 C:5 F:1 M:4 R:100
Update T:Tue Jul 17 14:01:56 2018 C:5 F:1 M:4 R:100
Update T:Tue Jul 17 14:02:59 2018 C:5 F:1 M:4 R:100
Update T:Tue Aug 21 22:07:08 2018 C:5 F:1 M:1 R:100
Update T:Tue Aug 21 22:07:38 2018 C:5 F:1 M:3 R:100
Update T:Tue Aug 21 22:08:17 2018 C:5 F:1 M:2 R:100
Update T:Tue Aug 21 22:08:50 2018 C:5 F:1 M:2 R:50
Update T:Tue Aug 21 22:09:53 2018 C:5 F:1 M:2 R:50
Update T:Tue Aug 21 22:10:56 2018 C:5 F:1 M:2 R:50
Update T:Tue Nov 13 17:04:38 2018 C:5 F:1 M:1 R:100
Update T:Tue Nov 13 17:06:24 2018 C:5 F:1 M:1 R:100
Update T:Tue Nov 13 17:06:48 2018 C:5 F:1 M:2 R:100
Update T:Tue Nov 13 17:07:27 2018 C:5 F:1 M:3 R:100
Update T:Tue Nov 13 21:06:14 2018 C:5 F:1 M:3 R:100
Update T:Tue Nov 13 21:07:44 2018 C:5 F:1 M:1 R:100
Update T:Tue Nov 13 21:08:14 2018 C:5 F:1 M:2 R:100
Update T:Tue Nov 13 21:08:26 2018 C:5 F:1 M:1 R:100
Update T:Tue Nov 13 21:09:11 2018 C:5 F:1 M:2 R:100
Update T:Tue Nov 13 21:09:17 2018 C:5 F:1 M:1 R:100
Update T:Tue Nov 13 21:10:20 2018 C:5 F:1 M:1 R:100
Update T:Tue Nov 13 21:11:29 2018 C:5 F:1 M:1 R:100
Update T:Tue Nov 13 21:16:57 2018 C:5 F:1 M:1 R:100
Update T:Tue Nov 13 21:17:21 2018 C:5 F:1 M:2 R:100
Update T:Tue Nov 13 21:17:24 2018 C:5 F:1 M:1 R:100
Update T:Tue Nov 13 21:20:52 2018 C:5 F:1 M:1 R:100
Update T:Tue Nov 13 21:21:13 2018 C:5 F:1 M:2 R:100
Update T:Tue Nov 13 21:21:34 2018 C:5 F:1 M:1 R:100
Update T:Tue Nov 13 21:22:37 2018 C:5 F:1 M:1 R:100
Update T:Tue Nov 13 21:23:40 2018 C:5 F:1 M:1 R:100
Update T:Tue Nov 13 21:24:43 2018 C:5 F:1 M:1 R:100
Update T:Tue Nov 13 21:25:43 2018 C:5 F:1 M:1 R:200
Update T:Tue Nov 13 21:26:47 2018 C:5 F:1 M:1 R:200
Update T:Tue Nov 13 21:27:49 2018 C:5 F:1 M:1 R:200
Update T:Tue Nov 13 21:28:52 2018 C:5 F:1 M:1 R:200
Update T:Tue Nov 13 21:29:55 2018 C:5 F:1 M:1 R:200
Update T:Tue Nov 13 21:30:10 2018 C:5 F:1 M:2 R:200
Update T:Tue Nov 13 21:30:28 2018 C:5 F:1 M:2 R:201
Update T:Tue Nov 13 21:31:16 2018 C:5 F:1 M:2 R:199
Update T:Tue Nov 13 21:32:59 2018 C:5 F:1 M:2 R:199
Update T:Tue Nov 13 21:34:01 2018 C:5 F:1 M:2 R:199
Update T:Tue Nov 13 21:34:52 2018 C:5 F:1 M:2 R:100
Update T:Tue Nov 13 21:34:58 2018 C:5 F:1 M:1 R:100
Update T:Tue Nov 13 21:36:01 2018 C:5 F:1 M:1 R:100
Update T:Tue Nov 13 21:36:37 2018 C:5 F:1 M:1 R:99
Update T:Tue Nov 13 21:36:52 2018 C:5 F:1 M:1 R:98
Update T:Tue Nov 13 21:37:04 2018 C:5 F:1 M:2 R:98
Update T:Tue Nov 13 21:38:07 2018 C:5 F:1 M:2 R:98
Update T:Tue Nov 13 21:39:10 2018 C:5 F:1 M:2 R:98
Update T:Tue Nov 13 21:39:25 2018 C:5 F:1 M:2 R:97
Update T:Tue Nov 13 21:40:28 2018 C:5 F:1 M:2 R:97
Update T:Tue Nov 13 21:40:33 2018 C:5 F:1 M:1 R:100
Update T:Tue Nov 13 21:40:34 2018 C:5 F:1 M:2 R:97
Update T:Tue Nov 13 21:40:38 2018 C:5 F:1 M:1 R:100
Update T:Tue Nov 13 21:40:38 2018 C:5 F:1 M:2 R:97
Update T:Tue Nov 13 21:40:40 2018 C:5 F:1 M:1 R:100
Update T:Tue Nov 13 21:40:41 2018 C:5 F:1 M:2 R:97
Update T:Tue Nov 13 21:40:43 2018 C:5 F:1 M:1 R:100
Update T:Tue Nov 13 21:40:46 2018 C:5 F:1 M:2 R:97
Update T:Tue Nov 13 21:40:46 2018 C:5 F:1 M:1 R:100
Update T:Tue Nov 13 21:40:47 2018 C:5 F:1 M:2 R:97
Update T:Tue Nov 13 21:40:49 2018 C:5 F:1 M:1 R:100
Update T:Tue Nov 13 21:40:50 2018 C:5 F:1 M:2 R:97
Update T:Tue Nov 13 21:40:52 2018 C:5 F:1 M:1 R:100
Update T:Tue Nov 13 21:40:53 2018 C:5 F:1 M:2 R:97
Update T:Tue Nov 13 21:40:55 2018 C:5 F:1 M:1 R:100
Update T:Tue Nov 13 21:40:55 2018 C:5 F:1 M:2 R:97
Update T:Tue Nov 13 21:40:58 2018 C:5 F:1 M:1 R:100
Update T:Tue Nov 13 21:40:58 2018 C:5 F:1 M:2 R:97
Update T:Tue Nov 13 21:41:01 2018 C:5 F:1 M:1 R:100
Update T:Tue Nov 13 21:41:01 2018 C:5 F:1 M:2 R:97
Update T:Tue Nov 13 21:41:04 2018 C:5 F:1 M:1 R:100
Update T:Tue Nov 13 21:41:04 2018 C:5 F:1 M:2 R:97
Update T:Tue Nov 13 21:41:07 2018 C:5 F:1 M:1 R:100
Update T:Tue Nov 13 21:41:09 2018 C:5 F:1 M:2 R:97
Update T:Tue Nov 13 21:41:10 2018 C:5 F:1 M:1 R:100
Update T:Tue Nov 13 21:41:10 2018 C:5 F:1 M:2 R:97
Update T:Tue Nov 13 21:41:13 2018 C:5 F:1 M:1 R:100
Update T:Tue Nov 13 21:41:13 2018 C:5 F:1 M:2 R:97
Update T:Tue Nov 13 21:41:16 2018 C:5 F:1 M:1 R:100
Update T:Tue Nov 13 21:41:17 2018 C:5 F:1 M:2 R:97
Update T:Tue Nov 13 21:41:19 2018 C:5 F:1 M:1 R:100
Update T:Tue Nov 13 21:41:19 2018 C:5 F:1 M:2 R:97
Update T:Tue Nov 13 21:41:22 2018 C:5 F:1 M:1 R:100
Update T:Tue Nov 13 21:41:23 2018 C:5 F:1 M:2 R:97
Update T:Tue Nov 13 21:41:25 2018 C:5 F:1 M:1 R:100
Update T:Tue Nov 13 21:41:25 2018 C:5 F:1 M:2 R:97
Update T:Tue Nov 13 21:41:28 2018 C:5 F:1 M:1 R:100
Update T:Tue Nov 13 21:41:28 2018 C:5 F:1 M:2 R:97
Update T:Tue Nov 13 21:41:31 2018 C:5 F:1 M:1 R:100
Update T:Tue Nov 13 21:41:31 2018 C:5 F:1 M:2 R:97
Update T:Tue Nov 13 21:41:34 2018 C:5 F:1 M:1 R:100
Update T:Tue Nov 13 21:41:34 2018 C:5 F:1 M:2 R:97
Update T:Tue Nov 13 21:41:37 2018 C:5 F:1 M:1 R:100
Update T:Tue Nov 13 21:41:38 2018 C:5 F:1 M:2 R:97
Update T:Tue Nov 13 21:41:40 2018 C:5 F:1 M:1 R:100
Update T:Tue Nov 13 21:41:40 2018 C:5 F:1 M:2 R:97
Update T:Tue Nov 13 21:41:43 2018 C:5 F:1 M:1 R:100
Update T:Tue Nov 13 21:41:43 2018 C:5 F:1 M:2 R:97
Update T:Tue Nov 13 21:41:46 2018 C:5 F:1 M:1 R:100
Update T:Tue Nov 13 21:41:46 2018 C:5 F:1 M:2 R:97
Update T:Tue Nov 13 21:41:52 2018 C:5 F:1 M:1 R:100
Update T:Tue Nov 13 21:41:54 2018 C:5 F:1 M:2 R:97
Update T:Tue Nov 13 21:41:55 2018 C:5 F:1 M:1 R:100
Update T:Tue Nov 13 21:41:55 2018 C:5 F:1 M:2 R:97
Update T:Tue Nov 13 21:41:56 2018 C:5 F:1 M:1 R:100
Update T:Tue Nov 13 21:41:56 2018 C:5 F:1 M:2 R:97
Update T:Tue Nov 13 21:42:58 2018 C:5 F:1 M:2 R:97
Update T:Tue Nov 13 21:44:01 2018 C:5 F:1 M:2 R:97
Update T:Tue Nov 13 21:45:04 2018 C:5 F:1 M:2 R:97
Update T:Tue Nov 13 21:46:06 2018 C:5 F:1 M:2 R:97
Update T:Tue Nov 13 21:46:47 2018 C:5 F:1 M:2 R:97
Update T:Tue Nov 13 21:47:02 2018 C:5 F:1 M:2 R:97
Update T:Tue Nov 13 21:47:18 2018 C:5 F:1 M:2 R:97
Update T:Tue Nov 13 21:47:30 2018 C:5 F:1 M:2 R:97
Update T:Tue Nov 13 21:47:54 2018 C:5 F:1 M:2 R:97
Update T:Tue Nov 13 21:48:01 2018 C:5 F:1 M:1 R:97
Update T:Wed Nov 14 12:21:41 2018 C:5 F:1 M:1 R:100
Update T:Wed Nov 14 12:22:07 2018 C:5 F:1 M:1 R:51
Update T:Wed Nov 14 12:22:55 2018 C:5 F:1 M:1 R:51
Update T:Wed Nov 14 12:22:59 2018 C:5 F:1 M:1 R:51
Update T:Wed Nov 14 12:23:05 2018 C:5 F:1 M:1 R:51
Update T:Wed Nov 14 12:23:09 2018 C:5 F:1 M:1 R:51
Update T:Wed Nov 14 12:23:27 2018 C:5 F:1 M:1 R:51
Update T:Wed Nov 14 12:24:29 2018 C:5 F:1 M:1 R:51
Update T:Wed Nov 14 12:24:49 2018 C:5 F:1 M:2 R:51
Update T:Wed Nov 14 12:25:13 2018 C:5 F:1 M:2 R:30
Update T:Wed Nov 14 12:26:43 2018 C:5 F:1 M:2 R:30
Update T:Wed Nov 14 12:28:39 2018 C:5 F:1 M:2 R:30
Update T:Wed Nov 14 12:30:11 2018 C:5 F:1 M:2 R:30
Update T:Wed Nov 14 12:30:29 2018 C:5 F:1 M:2 R:30
Update T:Wed Nov 14 12:31:55 2018 C:5 F:1 M:2 R:30
Update T:Wed Nov 14 12:32:59 2018 C:5 F:1 M:2 R:30
Update T:Wed Nov 14 12:34:03 2018 C:5 F:1 M:2 R:30
Update T:Wed Nov 14 12:35:25 2018 C:5 F:1 M:2 R:30
Update T:Wed Nov 14 14:00:40 2018 C:5 F:1 M:1 R:100
Update T:Wed Nov 14 14:01:14 2018 C:5 F:1 M:1 R:35
Update T:Wed Nov 14 14:01:30 2018 C:5 F:1 M:1 R:5
Update T:Wed Nov 14 14:01:32 2018 C:5 F:1 M:1 R:51
Update T:Wed Nov 14 14:02:34 2018 C:5 F:1 M:1 R:51
Update T:Wed Nov 14 14:03:20 2018 C:5 F:1 M:1 R:49
Update T:Wed Nov 14 14:03:46 2018 C:5 F:1 M:1 R:53
Update T:Wed Nov 14 14:04:48 2018 C:5 F:1 M:1 R:53
Update T:Wed Nov 14 14:05:50 2018 C:5 F:1 M:1 R:53
Update T:Wed Nov 14 14:06:08 2018 C:5 F:1 M:2 R:53
Update T:Wed Nov 14 14:07:10 2018 C:5 F:1 M:2 R:53
Update T:Wed Nov 14 14:08:14 2018 C:5 F:1 M:2 R:53
Update T:Wed Nov 14 14:09:18 2018 C:5 F:1 M:2 R:53
Update T:Wed Nov 14 14:10:20 2018 C:5 F:1 M:2 R:53
Update T:Wed Nov 14 14:11:22 2018 C:5 F:1 M:2 R:53
Update T:Wed Nov 14 14:12:26 2018 C:5 F:1 M:2 R:53
Update T:Wed Nov 14 14:13:28 2018 C:5 F:1 M:2 R:53
Update T:Wed Nov 14 14:14:30 2018 C:5 F:1 M:2 R:53
Update T:Wed Nov 14 14:15:36 2018 C:5 F:1 M:2 R:53
Update T:Wed Nov 14 14:17:12 2018 C:5 F:1 M:2 R:53
Update T:Wed Nov 14 14:18:47 2018 C:5 F:1 M:2 R:53
Update T:Wed Nov 14 14:20:03 2018 C:5 F:1 M:2 R:53
Update T:Wed Nov 14 15:41:59 2018 C:5 F:1 M:1 R:100
Update T:Wed Nov 14 15:42:21 2018 C:5 F:1 M:2 R:100
Update T:Wed Nov 14 15:42:33 2018 C:5 F:1 M:2 R:101
Update T:Wed Nov 14 16:27:35 2018 C:5 F:1 M:1 R:100
Update T:Wed Nov 14 17:38:41 2018 C:5 F:1 M:1 R:100
Update T:Wed Nov 14 17:38:45 2018 C:5 F:1 M:1 R:12
Update T:Wed Nov 14 17:38:55 2018 C:5 F:1 M:1 R:28
Update T:Wed Nov 14 17:39:07 2018 C:5 F:1 M:1 R:58
Update T:Wed Nov 14 17:39:15 2018 C:5 F:1 M:2 R:58
Update T:Wed Nov 14 18:09:50 2018 C:5 F:1 M:1 R:100
Update T:Wed Nov 14 18:10:06 2018 C:5 F:1 M:1 R:99
Update T:Wed Nov 14 18:10:20 2018 C:5 F:1 M:2 R:99
Update T:Wed Nov 14 18:11:22 2018 C:5 F:1 M:2 R:99
Update T:Wed Nov 14 18:12:24 2018 C:5 F:1 M:2 R:99
Update T:Wed Nov 14 18:13:27 2018 C:5 F:1 M:2 R:99
Update T:Wed Nov 14 18:14:13 2018 C:5 F:1 M:2 R:98
Update T:Wed Nov 14 18:15:17 2018 C:5 F:1 M:2 R:98
Update T:Wed Nov 21 18:11:47 2018 C:5 F:1 M:1 R:100
Update T:Wed Nov 21 18:12:17 2018 C:5 F:1 M:1 R:99
Update T:Wed Nov 21 18:12:31 2018 C:5 F:1 M:1 R:98
Update T:Wed Nov 21 18:13:31 2018 C:5 F:1 M:1 R:98
Update T:Wed Nov 21 18:14:37 2018 C:5 F:1 M:1 R:98
Update T:Wed Nov 21 18:15:27 2018 C:5 F:1 M:1 R:97
Update T:Wed Nov 21 18:16:15 2018 C:5 F:1 M:1 R:96
Update T:Wed Nov 21 18:17:17 2018 C:5 F:1 M:1 R:96
Update T:Wed Nov 21 18:17:31 2018 C:5 F:1 M:1 R:95
Update T:Wed Nov 21 18:18:35 2018 C:5 F:1 M:1 R:95
Update T:Wed Nov 21 18:18:57 2018 C:5 F:1 M:1 R:94
Update T:Wed Nov 21 18:20:08 2018 C:5 F:1 M:1 R:94
Update T:Wed Nov 21 18:21:10 2018 C:5 F:1 M:1 R:94
Update T:Wed Nov 21 18:21:12 2018 C:5 F:1 M:1 R:93
Update T:Wed Nov 21 18:22:16 2018 C:5 F:1 M:1 R:93
Update T:Wed Nov 21 18:23:18 2018 C:5 F:1 M:1 R:93
Update T:Wed Nov 21 18:24:22 2018 C:5 F:1 M:1 R:93
Update T:Wed Nov 21 18:25:02 2018 C:5 F:1 M:1 R:92
Update T:Wed Nov 21 18:25:38 2018 C:5 F:1 M:1 R:91
Update T:Wed Nov 21 18:26:42 2018 C:5 F:1 M:1 R:91
Update T:Wed Nov 21 18:27:06 2018 C:5 F:1 M:1 R:90
Update T:Wed Nov 21 18:27:32 2018 C:5 F:1 M:1 R:89
Update T:Wed Nov 21 18:28:36 2018 C:5 F:1 M:1 R:89
Update T:Wed Nov 21 18:29:38 2018 C:5 F:1 M:1 R:89
Update T:Wed Nov 21 18:30:42 2018 C:5 F:1 M:1 R:89
Update T:Wed Nov 21 18:31:44 2018 C:5 F:1 M:1 R:89
Update T:Wed Nov 21 18:32:46 2018 C:5 F:1 M:1 R:89
Update T:Wed Nov 21 18:33:50 2018 C:5 F:1 M:1 R:89
Update T:Wed Nov 21 18:34:52 2018 C:5 F:1 M:1 R:89
Update T:Wed Nov 21 18:35:58 2018 C:5 F:1 M:1 R:89
Update T:Wed Nov 21 18:37:00 2018 C:5 F:1 M:1 R:89
Update T:Wed Nov 21 21:43:34 2018 C:5 F:1 M:1 R:100
Update T:Wed Nov 21 21:44:16 2018 C:5 F:1 M:1 R:99
Update T:Wed Nov 21 21:44:32 2018 C:5 F:1 M:1 R:98
Update T:Wed Nov 21 21:44:48 2018 C:5 F:1 M:1 R:97
Update T:Wed Nov 21 21:45:10 2018 C:5 F:1 M:1 R:96
Update T:Wed Nov 21 21:53:36 2018 C:5 F:1 M:1 R:100
Update T:Wed Nov 21 21:53:42 2018 C:5 F:1 M:1 R:80
Update T:Wed Nov 21 21:53:56 2018 C:5 F:1 M:1 R:79
Update T:Wed Nov 21 21:54:20 2018 C:5 F:1 M:1 R:78
Update T:Wed Nov 21 21:55:32 2018 C:5 F:1 M:1 R:78
Update T:Wed Nov 21 21:56:44 2018 C:5 F:1 M:1 R:78
Update T:Wed Nov 21 21:58:01 2018 C:5 F:1 M:1 R:78
Update T:Wed Nov 21 21:59:09 2018 C:5 F:1 M:1 R:78
Update T:Wed Nov 21 22:00:11 2018 C:5 F:1 M:1 R:78
Update T:Wed Nov 21 22:01:19 2018 C:5 F:1 M:1 R:78
Update T:Thu Nov 22 13:52:19 2018 C:5 F:1 M:1 R:100
Update T:Thu Nov 22 13:53:07 2018 C:5 F:1 M:1 R:99
Update T:Thu Nov 22 13:54:09 2018 C:5 F:1 M:1 R:99
Update T:Thu Nov 22 13:55:13 2018 C:5 F:1 M:1 R:99
Update T:Thu Nov 22 13:56:15 2018 C:5 F:1 M:1 R:99
Update T:Thu Nov 22 13:57:19 2018 C:5 F:1 M:1 R:99
Update T:Thu Nov 22 13:58:21 2018 C:5 F:1 M:1 R:99
Update T:Thu Nov 22 13:59:23 2018 C:5 F:1 M:1 R:99
Update T:Thu Nov 22 13:59:37 2018 C:5 F:1 M:1 R:98
Update T:Thu Nov 22 14:00:30 2018 C:5 F:1 M:1 R:97
Update T:Thu Nov 22 14:01:34 2018 C:5 F:1 M:1 R:97
Update T:Thu Nov 22 14:02:36 2018 C:5 F:1 M:1 R:97
Update T:Thu Nov 22 14:03:40 2018 C:5 F:1 M:1 R:97
Update T:Thu Nov 22 14:04:44 2018 C:5 F:1 M:1 R:97
Update T:Thu Nov 22 14:22:59 2018 C:5 F:1 M:1 R:100
Update T:Thu Nov 22 14:23:05 2018 C:5 F:1 M:1 R:99
Update T:Thu Nov 22 14:23:33 2018 C:5 F:1 M:1 R:98
Update T:Thu Nov 22 14:24:35 2018 C:5 F:1 M:1 R:98
Update T:Thu Nov 22 14:24:51 2018 C:5 F:1 M:2 R:98
Update T:Thu Nov 22 14:25:53 2018 C:5 F:1 M:2 R:98
Update T:Thu Nov 22 14:26:55 2018 C:5 F:1 M:2 R:98
Update T:Thu Nov 22 14:27:23 2018 C:5 F:1 M:2 R:97
Update T:Thu Nov 22 14:27:53 2018 C:5 F:1 M:2 R:20
Update T:Thu Nov 22 14:28:55 2018 C:5 F:1 M:2 R:20
Update T:Thu Nov 22 14:30:07 2018 C:5 F:1 M:2 R:20
Update T:Thu Nov 22 14:31:19 2018 C:5 F:1 M:2 R:20
Update T:Thu Nov 22 14:32:23 2018 C:5 F:1 M:2 R:20
Update T:Thu Nov 22 14:33:49 2018 C:5 F:1 M:2 R:20
Update T:Thu Nov 22 14:34:51 2018 C:5 F:1 M:2 R:20
Update T:Thu Nov 22 14:35:55 2018 C:5 F:1 M:2 R:20
Update T:Thu Nov 22 14:37:07 2018 C:5 F:1 M:2 R:20
Update T:Thu Nov 22 14:38:22 2018 C:5 F:1 M:2 R:20
Update T:Thu Nov 22 14:39:24 2018 C:5 F:1 M:2 R:20
Update T:Thu Nov 22 14:40:46 2018 C:5 F:1 M:2 R:20
Update T:Thu Nov 22 14:42:02 2018 C:5 F:1 M:2 R:20
Update T:Thu Nov 22 14:43:10 2018 C:5 F:1 M:2 R:20
Update T:Thu Nov 22 14:44:16 2018 C:5 F:1 M:2 R:20
Update T:Thu Nov 22 14:45:18 2018 C:5 F:1 M:2 R:20
Update T:Thu Nov 22 14:46:20 2018 C:5 F:1 M:2 R:20
Update T:Thu Nov 22 14:47:36 2018 C:5 F:1 M:2 R:20
Update T:Thu Nov 22 14:48:48 2018 C:5 F:1 M:2 R:20
Update T:Thu Nov 22 14:49:50 2018 C:5 F:1 M:2 R:20
Update T:Thu Nov 22 14:51:00 2018 C:5 F:1 M:2 R:20
Update T:Thu Nov 22 14:52:04 2018 C:5 F:1 M:2 R:20
Update T:Thu Nov 22 14:53:18 2018 C:5 F:1 M:2 R:20
Update T:Thu Nov 22 14:54:34 2018 C:5 F:1 M:2 R:20
Update T:Thu Nov 22 14:55:49 2018 C:5 F:1 M:2 R:20
Update T:Thu Nov 22 14:56:57 2018 C:5 F:1 M:2 R:20
Update T:Thu Nov 22 14:58:11 2018 C:5 F:1 M:2 R:20
Update T:Thu Nov 22 14:59:25 2018 C:5 F:1 M:2 R:20
Update T:Thu Nov 22 15:00:41 2018 C:5 F:1 M:2 R:20
Update T:Thu Nov 22 15:01:45 2018 C:5 F:1 M:2 R:20
Update T:Thu Nov 22 15:02:51 2018 C:5 F:1 M:2 R:20
Update T:Thu Nov 22 15:04:03 2018 C:5 F:1 M:2 R:20
Update T:Thu Nov 22 15:05:23 2018 C:5 F:1 M:2 R:20
Update T:Thu Nov 22 15:06:39 2018 C:5 F:1 M:2 R:20
Update T:Thu Nov 22 15:07:47 2018 C:5 F:1 M:2 R:20
Update T:Thu Nov 22 15:08:59 2018 C:5 F:1 M:2 R:20
Update T:Thu Nov 22 15:10:05 2018 C:5 F:1 M:2 R:20
Update T:Thu Nov 22 15:11:33 2018 C:5 F:1 M:2 R:20
Update T:Thu Nov 22 19:07:01 2018 C:4 F:1 M:1 R:100
Update T:Thu Nov 22 19:07:03 2018 C:5 F:1 M:1 R:100
Update T:Thu Nov 22 19:07:15 2018 C:5 F:1 M:1 R:101
Update T:Thu Nov 22 19:08:17 2018 C:5 F:1 M:1 R:101
Update T:Thu Nov 22 19:09:21 2018 C:5 F:1 M:1 R:101
Update T:Thu Nov 22 19:10:23 2018 C:5 F:1 M:1 R:101
Update T:Thu Nov 22 19:11:27 2018 C:5 F:1 M:1 R:101
Update T:Thu Nov 22 19:12:29 2018 C:5 F:1 M:1 R:101
Update T:Thu Nov 22 19:13:31 2018 C:5 F:1 M:1 R:101
Update T:Thu Nov 22 19:14:35 2018 C:5 F:1 M:1 R:101
Update T:Thu Nov 22 19:15:39 2018 C:5 F:1 M:1 R:101
Update T:Thu Nov 22 19:16:42 2018 C:5 F:1 M:1 R:101
Update T:Thu Nov 22 19:17:44 2018 C:5 F:1 M:1 R:101
Update T:Thu Nov 22 19:18:48 2018 C:5 F:1 M:1 R:101
Update T:Thu Nov 22 19:19:50 2018 C:5 F:1 M:1 R:101
Update T:Thu Nov 22 19:20:54 2018 C:5 F:1 M:1 R:101
Update T:Thu Nov 22 19:21:56 2018 C:5 F:1 M:1 R:101
Update T:Thu Nov 22 19:23:04 2018 C:5 F:1 M:1 R:101
Update T:Thu Nov 22 19:24:10 2018 C:5 F:1 M:1 R:101
Update T:Thu Nov 22 19:25:16 2018 C:5 F:1 M:1 R:101
Update T:Thu Nov 22 19:26:18 2018 C:5 F:1 M:1 R:101
Update T:Thu Nov 22 19:27:20 2018 C:5 F:1 M:1 R:101
Update T:Thu Nov 22 19:28:24 2018 C:5 F:1 M:1 R:101
Update T:Thu Nov 22 19:29:26 2018 C:5 F:1 M:1 R:101
Update T:Thu Nov 22 21:01:17 2018 C:5 F:1 M:2 R:101
Update T:Thu Nov 22 21:06:20 2018 C:5 F:1 M:1 R:99
Update T:Thu Nov 22 21:30:56 2018 C:5 F:1 M:1 R:100
Update T:Thu Nov 22 21:32:38 2018 C:5 F:1 M:1 R:100
Update T:Thu Nov 22 21:33:00 2018 C:5 F:1 M:1 R:100
Update T:Thu Nov 22 21:33:04 2018 C:6 F:1 M:1 R:100
Update T:Sun Nov 25 15:12:59 2018 C:5 F:1 M:1 R:100
Update T:Sun Nov 25 16:29:55 2018 C:7 F:3 M:1 R:100
Update T:Sun Nov 25 16:30:13 2018 C:7 F:3 M:1 R:100
Update T:Sun Nov 25 16:30:23 2018 C:7 F:4 M:1 R:100
Update T:Sun Nov 25 16:31:29 2018 C:7 F:4 M:1 R:100
Update T:Sun Nov 25 16:31:43 2018 C:7 F:5 M:1 R:100
Update T:Sun Nov 25 18:12:11 2018 C:9 F:1 M:1 R:100
Update T:Sun Nov 25 18:12:35 2018 C:9 F:1 M:2 R:100
Update T:Sun Nov 25 18:12:47 2018 C:9 F:1 M:3 R:100
Update T:Sun Nov 25 18:13:49 2018 C:9 F:1 M:3 R:100
Update T:Sun Nov 25 18:19:01 2018 C:9 F:1 M:3 R:100
Update T:Sun Nov 25 18:19:17 2018 C:9 F:1 M:3 R:100
Update T:Sun Nov 25 18:22:14 2018 C:9 F:1 M:1 R:100
Update T:Sun Nov 25 18:22:16 2018 C:9 F:1 M:3 R:100
Update T:Mon Nov 26 20:41:46 2018 C:9 F:1 M:1 R:100
Update T:Mon Nov 26 20:42:06 2018 C:9 F:1 M:3 R:100
Update T:Mon Nov 26 20:43:10 2018 C:9 F:1 M:3 R:100
Update T:Mon Nov 26 20:44:12 2018 C:9 F:1 M:3 R:100
Update T:Mon Nov 26 20:45:32 2018 C:9 F:1 M:3 R:100
Update T:Mon Nov 26 20:46:48 2018 C:9 F:1 M:3 R:100
Update T:Mon Nov 26 20:53:17 2018 C:9 F:1 M:3 R:100
Update T:Mon Nov 26 20:53:31 2018 C:9 F:1 M:3 R:100
Update T:Mon Nov 26 20:53:35 2018 C:9 F:1 M:3 R:100
Update T:Mon Nov 26 20:53:41 2018 C:9 F:1 M:3 R:100
Update T:Mon Nov 26 21:04:09 2018 C:9 F:1 M:3 R:120
Update T:Mon Nov 26 21:04:27 2018 C:9 F:1 M:1 R:120
Update T:Mon Nov 26 21:04:31 2018 C:9 F:1 M:3 R:100
Update T:Mon Nov 26 21:04:41 2018 C:9 F:1 M:1 R:120
Update T:Mon Nov 26 21:04:55 2018 C:9 F:1 M:1 R:1200
Update T:Mon Dec  3 12:33:45 2018 C:9 F:1 M:1 R:100
Update T:Mon Dec  3 12:34:09 2018 C:9 F:1 M:1 R:200
Update T:Mon Dec  3 12:34:23 2018 C:9 F:1 M:1 R:30
Update T:Mon Dec  3 12:34:33 2018 C:9 F:1 M:2 R:30
Update T:Mon Dec  3 13:14:33 2018 C:9 F:5 M:2 R:30
Update T:Mon Dec  3 13:15:17 2018 C:9 F:5 M:2 R:120
Update T:Mon Dec  3 13:15:19 2018 C:9 F:5 M:2 R:29
Update T:Mon Dec  3 13:15:46 2018 C:9 F:5 M:2 R:121
Update T:Mon Dec  3 13:16:00 2018 C:9 F:5 M:3 R:121
Update T:Mon Dec  3 13:16:14 2018 C:9 F:5 M:5 R:121
Update T:Mon Dec  3 13:16:16 2018 C:9 F:5 M:1 R:121
Update T:Mon Dec  3 13:20:11 2018 C:9 F:6 M:1 R:122
Update T:Mon Dec  3 13:21:13 2018 C:9 F:6 M:1 R:122
Update T:Mon Dec  3 13:22:15 2018 C:9 F:6 M:1 R:122
Update T:Mon Dec  3 13:23:07 2018 C:9 F:1 M:1 R:122
Update T:Mon Dec  3 13:23:33 2018 C:9 F:1 M:2 R:122
Update T:Mon Dec  3 13:23:43 2018 C:9 F:1 M:3 R:122
Update T:Mon Dec  3 13:24:13 2018 C:9 F:1 M:1 R:122
Update T:Mon Dec  3 13:25:17 2018 C:9 F:1 M:1 R:122
Update T:Mon Dec  3 13:26:09 2018 C:9 F:1 M:3 R:122
Update T:Mon Dec  3 13:27:13 2018 C:9 F:1 M:3 R:122
Update T:Mon Dec  3 13:28:15 2018 C:9 F:1 M:3 R:122
Update T:Mon Dec  3 13:29:19 2018 C:9 F:1 M:3 R:122
Update T:Mon Dec  3 13:33:31 2018 C:9 F:1 M:3 R:122
Update T:Mon Dec  3 13:33:47 2018 C:9 F:1 M:3 R:122
Update T:Mon Dec  3 13:33:51 2018 C:9 F:1 M:3 R:122
Update T:Mon Dec  3 13:33:55 2018 C:9 F:1 M:3 R:122
Update T:Mon Dec  3 13:34:34 2018 C:9 F:1 M:3 R:122
Update T:Mon Dec  3 13:43:42 2018 C:9 F:1 M:3 R:122
Update T:Mon Dec  3 13:43:56 2018 C:9 F:1 M:3 R:122
Update T:Mon Dec  3 13:44:00 2018 C:9 F:1 M:3 R:122
Update T:Mon Dec  3 13:44:04 2018 C:9 F:1 M:3 R:122
Update T:Mon Dec  3 13:44:08 2018 C:9 F:1 M:3 R:122
Update T:Mon Dec  3 13:44:12 2018 C:9 F:1 M:3 R:122
Update T:Mon Dec  3 13:44:16 2018 C:9 F:1 M:3 R:122
Update T:Mon Dec  3 13:47:20 2018 C:9 F:1 M:3 R:122
Update T:Mon Dec  3 13:47:34 2018 C:9 F:1 M:3 R:122
Update T:Mon Dec  3 13:47:38 2018 C:9 F:1 M:3 R:122
Update T:Mon Dec  3 13:49:31 2018 C:9 F:1 M:3 R:122
Update T:Mon Dec  3 13:51:01 2018 C:9 F:1 M:3 R:122
Update T:Mon Dec  3 13:51:17 2018 C:9 F:1 M:3 R:122
Update T:Mon Dec  3 13:51:21 2018 C:9 F:1 M:3 R:122
Update T:Mon Dec  3 13:51:25 2018 C:9 F:1 M:3 R:122
Update T:Mon Dec  3 13:51:29 2018 C:9 F:1 M:3 R:122
Update T:Mon Dec  3 13:52:23 2018 C:9 F:1 M:3 R:122
Update T:Mon Dec  3 13:54:17 2018 C:9 F:1 M:3 R:122
Update T:Mon Dec  3 13:54:31 2018 C:9 F:1 M:3 R:122
Update T:Mon Dec  3 14:00:29 2018 C:9 F:1 M:3 R:122
Update T:Mon Dec  3 14:07:22 2018 C:9 F:1 M:3 R:122
Update T:Mon Dec  3 14:07:36 2018 C:9 F:1 M:3 R:122
Update T:Mon Dec  3 14:12:32 2018 C:9 F:1 M:3 R:122
Update T:Mon Dec  3 14:14:08 2018 C:9 F:1 M:3 R:122
Update T:Mon Dec  3 14:14:22 2018 C:9 F:1 M:3 R:122
Update T:Mon Dec  3 14:16:10 2018 C:9 F:1 M:3 R:122
Update T:Mon Dec  3 14:16:24 2018 C:9 F:1 M:3 R:122
Update T:Mon Dec  3 14:16:28 2018 C:9 F:1 M:3 R:122
Update T:Mon Dec  3 14:19:00 2018 C:9 F:1 M:3 R:122
Update T:Mon Dec  3 14:19:16 2018 C:9 F:1 M:3 R:122
Update T:Mon Dec  3 14:19:20 2018 C:9 F:1 M:3 R:122
Update T:Mon Dec  3 14:19:24 2018 C:9 F:1 M:3 R:122
Update T:Mon Dec  3 14:19:43 2018 C:9 F:1 M:3 R:122
Update T:Mon Dec  3 14:20:45 2018 C:9 F:1 M:3 R:122
Update T:Mon Dec  3 14:21:49 2018 C:9 F:1 M:3 R:122
Update T:Mon Dec  3 14:33:20 2018 C:9 F:1 M:3 R:122
Update T:Mon Dec  3 14:33:36 2018 C:9 F:1 M:3 R:122
Update T:Mon Dec  3 14:33:42 2018 C:9 F:1 M:3 R:122
Update T:Mon Dec  3 14:34:20 2018 C:9 F:1 M:3 R:122
Update T:Mon Dec  3 14:34:34 2018 C:9 F:1 M:3 R:122
Update T:Mon Dec  3 14:35:00 2018 C:9 F:1 M:3 R:122
Update T:Mon Dec  3 14:35:14 2018 C:9 F:1 M:3 R:122
Update T:Mon Dec  3 14:35:18 2018 C:9 F:1 M:3 R:122
Update T:Mon Dec  3 14:35:22 2018 C:9 F:1 M:3 R:122
Update T:Mon Dec  3 14:35:26 2018 C:9 F:1 M:3 R:122
Update T:Mon Dec  3 14:35:30 2018 C:9 F:1 M:3 R:122
Update T:Mon Dec  3 14:35:34 2018 C:9 F:1 M:3 R:122
Update T:Mon Dec  3 14:35:38 2018 C:9 F:1 M:3 R:122
Update T:Mon Dec  3 14:36:51 2018 C:9 F:1 M:3 R:122
Update T:Mon Dec  3 14:38:01 2018 C:9 F:1 M:3 R:122
Update T:Mon Dec  3 14:39:21 2018 C:9 F:1 M:3 R:122
Update T:Mon Dec  3 14:40:43 2018 C:9 F:1 M:3 R:122
Update T:Mon Dec  3 14:42:05 2018 C:9 F:1 M:3 R:122
Update T:Mon Dec  3 14:43:33 2018 C:9 F:1 M:3 R:122
Update T:Mon Dec  3 14:44:43 2018 C:9 F:1 M:3 R:122
Update T:Mon Dec  3 14:45:51 2018 C:9 F:1 M:3 R:122
Update T:Mon Dec  3 14:47:19 2018 C:9 F:1 M:3 R:122
Update T:Mon Dec  3 14:48:31 2018 C:9 F:1 M:3 R:122
Update T:Mon Dec  3 14:49:35 2018 C:9 F:1 M:3 R:122
Update T:Mon Dec  3 14:51:13 2018 C:9 F:1 M:3 R:122
Update T:Mon Dec  3 14:52:27 2018 C:9 F:1 M:3 R:122
Update T:Mon Dec  3 14:53:44 2018 C:9 F:1 M:3 R:122
Update T:Mon Dec  3 14:55:04 2018 C:9 F:1 M:3 R:122
Update T:Mon Dec  3 14:56:22 2018 C:9 F:1 M:3 R:122
Update T:Mon Dec  3 14:57:26 2018 C:9 F:1 M:3 R:122
Update T:Mon Dec  3 14:58:32 2018 C:9 F:1 M:3 R:122
Update T:Mon Dec  3 14:59:36 2018 C:9 F:1 M:3 R:122
Update T:Mon Dec  3 15:00:40 2018 C:9 F:1 M:3 R:122
Update T:Mon Dec  3 15:01:42 2018 C:9 F:1 M:3 R:122
Update T:Mon Dec  3 15:02:44 2018 C:9 F:1 M:3 R:122
Update T:Mon Dec  3 15:03:46 2018 C:9 F:1 M:3 R:122
Update T:Mon Dec  3 15:04:50 2018 C:9 F:1 M:3 R:122
Update T:Mon Dec  3 15:05:54 2018 C:9 F:1 M:3 R:122
Update T:Mon Dec  3 15:06:58 2018 C:9 F:1 M:3 R:122
Update T:Mon Dec  3 15:07:58 2018 C:9 F:1 M:3 R:122
Update T:Mon Dec  3 15:09:02 2018 C:9 F:1 M:3 R:122
Update T:Mon Dec  3 15:10:07 2018 C:9 F:1 M:3 R:122
Update T:Mon Dec  3 15:11:09 2018 C:9 F:1 M:3 R:122
Update T:Mon Dec  3 15:12:13 2018 C:9 F:1 M:3 R:122
Update T:Fri Dec 14 17:50:12 2018 C:9 F:1 M:1 R:100
Update T:Fri Dec 14 17:50:32 2018 C:9 F:1 M:3 R:100
Update T:Fri Dec 14 17:51:34 2018 C:9 F:1 M:3 R:100
Update T:Fri Dec 14 17:52:38 2018 C:9 F:1 M:3 R:100
Update T:Fri Dec 14 17:53:42 2018 C:9 F:1 M:3 R:100
Update T:Fri Dec 14 17:54:44 2018 C:9 F:1 M:3 R:100
Update T:Fri Dec 14 17:55:46 2018 C:9 F:1 M:3 R:100
Update T:Fri Dec 14 17:56:48 2018 C:9 F:1 M:3 R:100
Update T:Fri Dec 14 17:57:54 2018 C:9 F:1 M:3 R:100
Update T:Fri Dec 14 17:58:56 2018 C:9 F:1 M:3 R:100
Update T:Fri Dec 14 17:59:58 2018 C:9 F:1 M:3 R:100
Update T:Fri Dec 14 18:01:00 2018 C:9 F:1 M:3 R:100
Update T:Fri Dec 14 18:02:02 2018 C:9 F:1 M:3 R:100
Update T:Fri Dec 14 18:03:04 2018 C:9 F:1 M:3 R:100
Update T:Fri Dec 14 18:04:08 2018 C:9 F:1 M:3 R:100
Update T:Fri Dec 14 18:05:11 2018 C:9 F:1 M:3 R:100
Update T:Fri Dec 14 18:06:13 2018 C:9 F:1 M:3 R:100
Update T:Fri Dec 14 18:07:17 2018 C:9 F:1 M:3 R:100
Update T:Fri Dec 14 18:08:21 2018 C:9 F:1 M:3 R:100
Update T:Fri Dec 14 18:09:23 2018 C:9 F:1 M:3 R:100
Update T:Fri Dec 14 18:10:25 2018 C:9 F:1 M:3 R:100
Update T:Fri Dec 14 18:11:27 2018 C:9 F:1 M:3 R:100
Update T:Fri Dec 14 18:12:29 2018 C:9 F:1 M:3 R:100
Update T:Fri Dec 14 18:13:33 2018 C:9 F:1 M:3 R:100
Update T:Fri Dec 14 18:14:35 2018 C:9 F:1 M:3 R:100
Update T:Fri Dec 14 18:15:37 2018 C:9 F:1 M:3 R:100
Update T:Fri Dec 14 18:16:41 2018 C:9 F:1 M:3 R:100
Update T:Fri Dec 14 18:17:43 2018 C:9 F:1 M:3 R:100
Update T:Fri Dec 14 18:18:45 2018 C:9 F:1 M:3 R:100
Update T:Fri Dec 14 18:19:51 2018 C:9 F:1 M:3 R:100
Update T:Fri Dec 14 18:20:53 2018 C:9 F:1 M:3 R:100
Update T:Fri Dec 14 18:21:55 2018 C:9 F:1 M:3 R:100
Update T:Fri Dec 14 18:22:58 2018 C:9 F:1 M:3 R:100
Update T:Fri Dec 14 18:24:02 2018 C:9 F:1 M:3 R:100
Update T:Fri Dec 14 18:25:06 2018 C:9 F:1 M:3 R:100
Update T:Fri Dec 14 18:26:08 2018 C:9 F:1 M:3 R:100
Update T:Fri Dec 14 18:27:10 2018 C:9 F:1 M:3 R:100
Update T:Fri Dec 14 18:28:12 2018 C:9 F:1 M:3 R:100
Update T:Fri Dec 14 18:29:18 2018 C:9 F:1 M:3 R:100
Update T:Fri Dec 14 18:30:20 2018 C:9 F:1 M:3 R:100
Update T:Fri Dec 14 18:31:22 2018 C:9 F:1 M:3 R:100
Update T:Fri Dec 14 18:32:26 2018 C:9 F:1 M:3 R:100
Update T:Fri Dec 14 18:33:28 2018 C:9 F:1 M:3 R:100
Update T:Fri Dec 14 18:34:30 2018 C:9 F:1 M:3 R:100
Update T:Fri Dec 14 18:35:34 2018 C:9 F:1 M:3 R:100
Update T:Fri Dec 14 18:36:38 2018 C:9 F:1 M:3 R:100
Update T:Fri Dec 14 18:37:40 2018 C:9 F:1 M:3 R:100
Update T:Fri Dec 14 18:38:44 2018 C:9 F:1 M:3 R:100
Update T:Fri Dec 14 18:39:46 2018 C:9 F:1 M:3 R:100
Update T:Fri Dec 14 18:40:48 2018 C:9 F:1 M:3 R:100
Update T:Fri Dec 14 18:41:52 2018 C:9 F:1 M:3 R:100
Update T:Fri Dec 14 18:42:55 2018 C:9 F:1 M:3 R:100
Update T:Fri Dec 14 18:43:59 2018 C:9 F:1 M:3 R:100
Update T:Fri Dec 14 18:45:01 2018 C:9 F:1 M:3 R:100
Update T:Fri Dec 14 18:46:05 2018 C:9 F:1 M:3 R:100
Update T:Fri Dec 14 18:47:09 2018 C:9 F:1 M:3 R:100
Update T:Fri Dec 14 18:48:11 2018 C:9 F:1 M:3 R:100
Update T:Fri Dec 14 18:49:15 2018 C:9 F:1 M:3 R:100
Update T:Fri Dec 14 18:50:17 2018 C:9 F:1 M:3 R:100
Update T:Fri Dec 14 18:51:19 2018 C:9 F:1 M:3 R:100
Update T:Fri Dec 14 18:52:23 2018 C:9 F:1 M:3 R:100
Update T:Fri Dec 14 18:53:25 2018 C:9 F:1 M:3 R:100
Update T:Fri Dec 14 18:54:29 2018 C:9 F:1 M:3 R:100
Update T:Fri Dec 14 18:55:31 2018 C:9 F:1 M:3 R:100
Update T:Fri Dec 14 18:56:35 2018 C:9 F:1 M:3 R:100
Update T:Fri Dec 14 18:57:37 2018 C:9 F:1 M:3 R:100
Update T:Fri Dec 14 18:58:41 2018 C:9 F:1 M:3 R:100
Update T:Fri Dec 14 18:59:44 2018 C:9 F:1 M:3 R:100
Update T:Fri Dec 14 19:00:46 2018 C:9 F:1 M:3 R:100
Update T:Fri Dec 14 19:01:50 2018 C:9 F:1 M:3 R:100
Update T:Fri Dec 14 19:02:52 2018 C:9 F:1 M:3 R:100
Update T:Fri Dec 14 19:03:56 2018 C:9 F:1 M:3 R:100
Update T:Fri Dec 14 19:04:58 2018 C:9 F:1 M:3 R:100
Update T:Fri Dec 14 19:06:00 2018 C:9 F:1 M:3 R:100
Update T:Fri Dec 14 19:07:04 2018 C:9 F:1 M:3 R:100
Update T:Fri Dec 14 19:08:08 2018 C:9 F:1 M:3 R:100
Update T:Fri Dec 14 19:09:10 2018 C:9 F:1 M:3 R:100
Update T:Fri Dec 14 19:10:14 2018 C:9 F:1 M:3 R:100
Update T:Fri Dec 14 19:11:16 2018 C:9 F:1 M:3 R:100
Update T:Fri Dec 14 19:12:20 2018 C:9 F:1 M:3 R:100
Update T:Fri Dec 14 19:13:24 2018 C:9 F:1 M:3 R:100
Update T:Fri Dec 14 19:14:26 2018 C:9 F:1 M:3 R:100
Update T:Fri Dec 14 19:15:32 2018 C:9 F:1 M:3 R:100
Update T:Fri Dec 14 19:16:36 2018 C:9 F:1 M:3 R:100
Update T:Fri Dec 14 19:17:40 2018 C:9 F:1 M:3 R:100
Update T:Fri Dec 14 19:18:47 2018 C:9 F:1 M:3 R:100
Update T:Fri Dec 14 19:19:51 2018 C:9 F:1 M:3 R:100
Update T:Fri Dec 14 19:20:53 2018 C:9 F:1 M:3 R:100
Update T:Fri Dec 14 19:21:55 2018 C:9 F:1 M:3 R:100
Update T:Fri Dec 14 19:22:59 2018 C:9 F:1 M:3 R:100
Update T:Fri Dec 14 19:24:01 2018 C:9 F:1 M:3 R:100
Update T:Fri Dec 14 19:25:07 2018 C:9 F:1 M:3 R:100
Update T:Fri Dec 14 19:26:27 2018 C:9 F:1 M:3 R:100
Update T:Fri Dec 14 19:27:39 2018 C:9 F:1 M:3 R:100
Update T:Fri Dec 14 19:28:55 2018 C:9 F:1 M:3 R:100
Update T:Fri Dec 14 19:30:05 2018 C:9 F:1 M:3 R:100
Update T:Fri Dec 14 19:31:29 2018 C:9 F:1 M:3 R:100
Update T:Mon Dec 17 20:40:47 2018 C:5 F:1 M:1 R:100
Update T:Mon Dec 17 20:40:55 2018 C:5 F:1 M:2 R:100
Update T:Mon Dec 17 20:41:01 2018 C:5 F:1 M:1 R:100
Update T:Mon Dec 17 20:41:03 2018 C:5 F:1 M:2 R:100
Update T:Mon Dec 17 20:41:07 2018 C:5 F:1 M:2 R:101
Update T:Mon Dec 17 20:41:17 2018 C:5 F:1 M:2 R:99
Update T:Mon Dec 17 20:41:25 2018 C:5 F:1 M:1 R:99
Update T:Mon Dec 17 20:41:53 2018 C:9 F:1 M:1 R:99
Update T:Mon Dec 17 20:42:01 2018 C:9 F:1 M:3 R:99
Update T:Mon Dec 17 20:42:17 2018 C:9 F:1 M:3 R:120
Update T:Thu Feb 14 20:57:47 2019 C:5 F:1 M:1 R:100
Update T:Thu Feb 14 21:04:37 2019 C:5 F:1 M:2 R:101
Update T:Thu Feb 14 21:04:49 2019 C:5 F:1 M:2 R:102
Update T:Thu Feb 14 21:05:05 2019 C:5 F:1 M:2 R:103
Update T:Thu Feb 14 21:05:15 2019 C:5 F:1 M:2 R:107
Update T:Thu Feb 14 21:05:33 2019 C:5 F:1 M:1 R:107
Update T:Thu Feb 14 21:05:43 2019 C:5 F:1 M:3 R:107
Update T:Thu Feb 14 21:05:55 2019 C:5 F:1 M:2 R:107
Update T:Thu Feb 14 21:06:46 2019 C:5 F:1 M:1 R:100
Update T:Thu Feb 14 21:07:00 2019 C:5 F:1 M:2 R:100
Update T:Thu Feb 14 21:07:44 2019 C:5 F:1 M:1 R:80
Update T:Thu Feb 14 21:07:52 2019 C:5 F:1 M:2 R:80
Update T:Thu Feb 14 21:08:24 2019 C:5 F:1 M:1 R:100
Update T:Thu Feb 14 21:08:42 2019 C:5 F:1 M:2 R:100
Update T:Thu Feb 14 21:08:54 2019 C:5 F:1 M:2 R:101
Update T:Sat Feb 16 21:19:05 2019 C:5 F:1 M:1 R:100
Update T:Sat Feb 16 21:29:58 2019 C:5 F:1 M:1 R:100
Update T:Sat Feb 16 21:30:58 2019 C:5 F:1 M:1 R:100
Update T:Sat Feb 16 21:31:10 2019 C:5 F:1 M:2 R:100
Update T:Sat Feb 16 21:31:16 2019 C:5 F:1 M:2 R:99
Update T:Sat Feb 16 21:32:18 2019 C:5 F:1 M:2 R:99
Update T:Sat Feb 16 21:33:22 2019 C:5 F:1 M:2 R:99
Update T:Sat Feb 16 21:34:24 2019 C:5 F:1 M:2 R:99
Update T:Sat Feb 16 21:35:28 2019 C:5 F:1 M:2 R:99
Update T:Sat Feb 16 21:36:40 2019 C:5 F:1 M:2 R:99
Update T:Sat Feb 16 21:37:46 2019 C:5 F:1 M:2 R:99
Update T:Sat Feb 16 21:39:00 2019 C:5 F:1 M:2 R:99
Update T:Sat Feb 16 21:40:26 2019 C:5 F:1 M:2 R:99
Update T:Sat Feb 16 21:54:14 2019 C:5 F:1 M:1 R:100
Update T:Sat Feb 16 21:56:50 2019 C:5 F:1 M:1 R:101
Update T:Sat Feb 16 21:57:06 2019 C:5 F:1 M:2 R:101
Update T:Sat Feb 16 21:57:10 2019 C:5 F:1 M:1 R:101
Update T:Sat Feb 16 21:57:12 2019 C:5 F:1 M:1 R:101
Update T:Sat Feb 16 21:57:18 2019 C:5 F:1 M:1 R:101
Update T:Sat Feb 16 21:57:24 2019 C:5 F:1 M:1 R:102
Update T:Sat Feb 16 21:57:42 2019 C:5 F:1 M:1 R:101
Update T:Sat Feb 16 21:57:48 2019 C:5 F:1 M:2 R:101
Update T:Sat Feb 16 21:57:50 2019 C:5 F:1 M:2 R:100
Update T:Sat Feb 16 21:58:14 2019 C:5 F:1 M:1 R:100
Update T:Sat Feb 16 21:58:44 2019 C:5 F:1 M:1 R:101
Update T:Sat Feb 16 21:58:56 2019 C:5 F:1 M:1 R:103
Update T:Sat Feb 16 21:59:14 2019 C:5 F:1 M:2 R:103
Update T:Sun Feb 17 11:58:23 2019 C:5 F:1 M:1 R:100
Update T:Sun Feb 17 11:58:45 2019 C:5 F:1 M:2 R:100
Update T:Sun Feb 17 11:58:59 2019 C:5 F:1 M:1 R:100
Update T:Sun Feb 17 11:59:37 2019 C:5 F:1 M:1 R:102
Update T:Sun Feb 17 12:05:17 2019 C:5 F:1 M:1 R:100
Update T:Sun Feb 17 12:05:27 2019 C:5 F:1 M:1 R:101
Update T:Sun Feb 17 12:05:41 2019 C:5 F:1 M:1 R:102
Update T:Sun Feb 17 12:06:49 2019 C:5 F:1 M:1 R:99
Update T:Sun Feb 17 12:07:01 2019 C:5 F:1 M:1 R:98
Update T:Sun Feb 17 12:07:35 2019 C:2 F:1 M:1 R:96
Update T:Sun Feb 17 12:07:41 2019 C:5 F:1 M:1 R:96
Update T:Sun Feb 17 12:08:43 2019 C:5 F:1 M:1 R:96
Update T:Sun Feb 17 12:09:45 2019 C:5 F:1 M:1 R:96
Update T:Sun Feb 17 13:43:42 2019 C:5 F:1 M:1 R:50
Update T:Sun Feb 17 13:46:27 2019 C:5 F:1 M:1 R:52
Update T:Sun Feb 17 13:46:43 2019 C:5 F:1 M:1 R:52
Update T:Sun Feb 17 13:46:47 2019 C:5 F:1 M:1 R:45
Update T:Sun Feb 17 13:46:49 2019 C:5 F:1 M:1 R:52
Update T:Sun Feb 17 13:46:51 2019 C:5 F:1 M:1 R:51
Update T:Sun Feb 17 13:47:09 2019 C:5 F:1 M:1 R:46
Update T:Sun Feb 17 13:47:33 2019 C:5 F:1 M:1 R:75
Update T:Sun Feb 17 13:48:35 2019 C:5 F:1 M:1 R:75
Update T:Sun Feb 17 13:49:43 2019 C:5 F:1 M:1 R:75
Update T:Sun Feb 17 13:50:59 2019 C:5 F:1 M:1 R:75
Update T:Sun Feb 17 13:52:07 2019 C:5 F:1 M:1 R:75
Update T:Sun Feb 17 13:53:17 2019 C:5 F:1 M:1 R:75
Update T:Sun Feb 17 13:54:29 2019 C:5 F:1 M:1 R:75
Update T:Sun Feb 17 13:55:39 2019 C:5 F:1 M:1 R:75
Update T:Sun Feb 17 13:56:57 2019 C:5 F:1 M:1 R:75
Update T:Sun Feb 17 13:58:09 2019 C:5 F:1 M:1 R:75
Update T:Tue Feb 19 12:31:53 2019 C:5 F:1 M:1 R:45
Update T:Wed Feb 20 17:15:19 2019 C:7 F:1 M:1 R:100
Update T:Wed Feb 20 17:15:27 2019 C:7 F:2 M:1 R:100
Update T:Wed Feb 20 17:16:07 2019 C:7 F:2 M:1 R:3
Update T:Wed Feb 20 17:16:09 2019 C:7 F:2 M:1 R:30
Update T:Wed Feb 20 17:17:43 2019 C:7 F:2 M:1 R:30
Update T:Wed Feb 20 17:18:37 2019 C:7 F:2 M:1 R:30
Update T:Wed Feb 20 17:19:39 2019 C:7 F:2 M:1 R:30
Update T:Wed Feb 20 17:22:21 2019 C:7 F:2 M:1 R:30
Update T:Wed Feb 20 17:23:45 2019 C:7 F:2 M:1 R:30
Update T:Wed Feb 20 17:24:47 2019 C:7 F:2 M:1 R:30
Update T:Wed Feb 20 17:26:35 2019 C:7 F:2 M:1 R:30
Update T:Wed Feb 20 17:27:45 2019 C:7 F:2 M:1 R:30
Update T:Wed Feb 20 17:29:09 2019 C:7 F:2 M:1 R:30
Update T:Wed Feb 20 17:30:13 2019 C:7 F:2 M:1 R:30
Update T:Wed Feb 20 17:31:19 2019 C:7 F:2 M:1 R:30
Update T:Wed Feb 20 17:32:45 2019 C:7 F:2 M:1 R:30
Update T:Wed Feb 20 17:33:55 2019 C:7 F:2 M:1 R:30
Update T:Wed Feb 20 17:35:11 2019 C:7 F:2 M:1 R:30
Update T:Wed Feb 20 17:36:25 2019 C:7 F:2 M:1 R:30
Update T:Wed Feb 20 17:37:34 2019 C:7 F:2 M:1 R:30
Update T:Wed Feb 20 17:38:56 2019 C:7 F:2 M:1 R:30
Update T:Wed Feb 20 17:40:12 2019 C:7 F:2 M:1 R:30
Update T:Wed Feb 20 17:41:26 2019 C:7 F:2 M:1 R:30
Update T:Wed Feb 20 17:43:42 2019 C:7 F:2 M:1 R:30
Update T:Wed Feb 20 17:47:06 2019 C:7 F:2 M:1 R:30
Update T:Wed Feb 20 17:49:02 2019 C:7 F:2 M:1 R:30
Update T:Wed Feb 20 17:50:18 2019 C:7 F:2 M:1 R:30
Update T:Wed Feb 20 17:51:56 2019 C:7 F:2 M:1 R:30
Update T:Wed Feb 20 17:53:02 2019 C:7 F:2 M:1 R:30
Update T:Wed Feb 20 17:54:22 2019 C:7 F:2 M:1 R:30
Update T:Wed Feb 20 17:58:39 2019 C:7 F:2 M:1 R:30
Update T:Wed Feb 20 17:59:57 2019 C:7 F:2 M:1 R:30
Update T:Wed Feb 20 18:02:15 2019 C:7 F:2 M:1 R:30
Update T:Wed Feb 20 18:03:21 2019 C:7 F:2 M:1 R:30
Update T:Wed Feb 20 18:04:55 2019 C:7 F:2 M:1 R:30
Update T:Wed Feb 20 18:06:07 2019 C:7 F:2 M:1 R:30
Update T:Wed Feb 20 18:08:07 2019 C:7 F:2 M:1 R:30
Update T:Wed Feb 20 18:09:49 2019 C:7 F:2 M:1 R:30
Update T:Wed Feb 20 18:14:47 2019 C:7 F:2 M:1 R:30
Update T:Wed Feb 20 19:02:01 2019 C:5 F:1 M:1 R:100
Update T:Wed Feb 20 19:02:07 2019 C:5 F:1 M:1 R:45
Update T:Wed Feb 20 19:02:27 2019 C:5 F:1 M:1 R:4
Update T:Wed Feb 20 19:02:37 2019 C:5 F:1 M:1 R:2
Update T:Wed Feb 20 19:02:51 2019 C:5 F:1 M:1 R:3
Update T:Wed Feb 20 19:02:53 2019 C:5 F:1 M:1 R:13
Update T:Wed Feb 20 19:03:55 2019 C:5 F:1 M:1 R:13
Update T:Wed Feb 20 19:04:57 2019 C:5 F:1 M:1 R:13
Update T:Wed Feb 20 19:06:01 2019 C:5 F:1 M:1 R:13
Update T:Wed Feb 20 19:07:03 2019 C:5 F:1 M:1 R:13
Update T:Wed Feb 20 19:08:03 2019 C:5 F:1 M:1 R:13
Update T:Wed Feb 20 19:10:47 2019 C:5 F:1 M:1 R:13
